Arguments: 
  C:\Program Files\nodejs\node.exe C:\Users\rafam\AppData\Roaming\npm\node_modules\yarn\bin\yarn.js add expo

PATH: 
  C:\Python310\Scripts\;C:\Python310\;C:\Program Files (x86)\Common Files\Oracle\Java\javapath;C:\WINDOWS\system32;C:\WINDOWS;C:\WINDOWS\System32\Wbem;C:\WINDOWS\System32\WindowsPowerShell\v1.0\;C:\WINDOWS\System32\OpenSSH\;C:\ProgramData\chocolatey\bin;C:\Program Files\nodejs\;C:\Program Files\Git\cmd;C:\Users\rafam\AppData\Local\Microsoft\WindowsApps;;C:\Users\rafam\AppData\Local\Programs\Microsoft VS Code\bin;C:\Users\rafam\AppData\Roaming\npm

Yarn version: 
  1.22.19

Node version: 
  18.13.0

Platform: 
  win32 x64

Trace: 
  Error: EPERM: operation not permitted, unlink 'C:\Users\rafam\Documents\NLW\setup\aulas\web\node_modules\@esbuild\win32-x64\esbuild.exe'

npm manifest: 
  {
    "name": "web",
    "private": true,
    "version": "0.0.0",
    "type": "module",
    "scripts": {
      "dev": "vite",
      "build": "tsc && vite build",
      "preview": "vite preview"
    },
    "dependencies": {
      "react": "^18.2.0",
      "react-dom": "^18.2.0",
      "yarn": "^1.22.19"
    },
    "devDependencies": {
      "@types/react": "^18.0.26",
      "@types/react-dom": "^18.0.9",
      "@vitejs/plugin-react": "^3.0.0",
      "autoprefixer": "^10.4.13",
      "postcss": "^8.4.21",
      "tailwindcss": "^3.2.4",
      "typescript": "^4.9.3",
      "vite": "^4.0.0",
      "@types/react-native": "~0.70.6"
    }
  }

yarn manifest: 
  No manifest

Lockfile: 
  No lockfile
